[debug] [2024-12-02T15:25:26.682Z] ----------------------------------------------------------------------
[debug] [2024-12-02T15:25:26.684Z] Command:       C:\Program Files\nodejs\node.exe C:\Program Files\nodejs\node_modules\firebase-tools\lib\bin\firebase.js init
[debug] [2024-12-02T15:25:26.684Z] CLI Version:   13.27.0
[debug] [2024-12-02T15:25:26.684Z] Platform:      win32
[debug] [2024-12-02T15:25:26.685Z] Node Version:  v18.20.4
[debug] [2024-12-02T15:25:26.685Z] Time:          Mon Dec 02 2024 12:25:26 GMT-0300 (Horário Padrão de Brasília)
[debug] [2024-12-02T15:25:26.686Z] ----------------------------------------------------------------------
[debug] 
[debug] [2024-12-02T15:25:26.689Z] >>> [apiv2][query] GET https://firebase-public.firebaseio.com/cli.json [none]
[debug] [2024-12-02T15:25:26.809Z] > command requires scopes: ["email","openid","https://www.googleapis.com/auth/cloudplatformprojects.readonly","https://www.googleapis.com/auth/firebase","https://www.googleapis.com/auth/cloud-platform"]
[debug] [2024-12-02T15:25:26.810Z] > authorizing via signed-in user (fabmelo@gmail.com)
[info] 
     ######## #### ########  ######## ########     ###     ######  ########
     ##        ##  ##     ## ##       ##     ##  ##   ##  ##       ##
     ######    ##  ########  ######   ########  #########  ######  ######
     ##        ##  ##    ##  ##       ##     ## ##     ##       ## ##
     ##       #### ##     ## ######## ########  ##     ##  ######  ########

You're about to initialize a Firebase project in this directory:

  G:\MEUS ARQUIVOS\MEUS PROJETOS DIVERSOS\moto eventos\moto-eventos

Before we get started, keep in mind:

  * You are initializing within an existing Firebase project directory

[debug] [2024-12-02T15:25:27.168Z] <<< [apiv2][status] GET https://firebase-public.firebaseio.com/cli.json 200
[debug] [2024-12-02T15:25:27.168Z] <<< [apiv2][body] GET https://firebase-public.firebaseio.com/cli.json {"cloudBuildErrorAfter":1594252800000,"cloudBuildWarnAfter":1590019200000,"defaultNode10After":1594252800000,"minVersion":"3.0.5","node8DeploysDisabledAfter":1613390400000,"node8RuntimeDisabledAfter":1615809600000,"node8WarnAfter":1600128000000}
